<?xml version="1.0" encoding="UTF-8"?>
<!-- Generated by org.testng.reporters.JUnitReportReporter -->
<testsuite skipped="3" hostname="Parag-PC" name="com_crm_qa_test.HomePageTest" tests="3" failures="0" timestamp="27 May 2018 13:54:50 GMT" time="0.001" errors="0">
  <testcase name="verifyHomePageTitleTest" time="0.001" classname="com_crm_qa_test.HomePageTest">
    <skipped/>
  </testcase> <!-- verifyHomePageTitleTest -->
  <testcase name="verifyUserNameTest" time="0.000" classname="com_crm_qa_test.HomePageTest">
    <skipped/>
  </testcase> <!-- verifyUserNameTest -->
  <testcase name="verifyContactsLinkTest" time="0.000" classname="com_crm_qa_test.HomePageTest">
    <skipped/>
  </testcase> <!-- verifyContactsLinkTest -->
</testsuite> <!-- com_crm_qa_test.HomePageTest -->
