<?xml version="1.0" encoding="UTF-8"?>
<!-- Generated by org.testng.reporters.JUnitReportReporter -->
<testsuite skipped="6" hostname="Parag-PC" name="com_crm_qa_test.ContactPageTest" tests="6" failures="0" timestamp="27 May 2018 13:54:50 GMT" time="0.000" errors="0">
  <testcase name="verifyContactsPageLabel" time="0.000" classname="com_crm_qa_test.ContactPageTest">
    <skipped/>
  </testcase> <!-- verifyContactsPageLabel -->
  <testcase name="validateCreateNewContact" time="0.000" classname="com_crm_qa_test.ContactPageTest">
    <skipped/>
  </testcase> <!-- validateCreateNewContact -->
  <testcase name="validateCreateNewContact" time="0.000" classname="com_crm_qa_test.ContactPageTest">
    <skipped/>
  </testcase> <!-- validateCreateNewContact -->
  <testcase name="validateCreateNewContact" time="0.000" classname="com_crm_qa_test.ContactPageTest">
    <skipped/>
  </testcase> <!-- validateCreateNewContact -->
  <testcase name="selectSingleContactsTest" time="0.000" classname="com_crm_qa_test.ContactPageTest">
    <skipped/>
  </testcase> <!-- selectSingleContactsTest -->
  <testcase name="selectMultipleContactsTest" time="0.000" classname="com_crm_qa_test.ContactPageTest">
    <skipped/>
  </testcase> <!-- selectMultipleContactsTest -->
</testsuite> <!-- com_crm_qa_test.ContactPageTest -->
