<?xml version="1.0" encoding="UTF-8"?>
<!-- Generated by org.testng.reporters.JUnitReportReporter -->
<testsuite hostname="Parag-PC" name="Com_FB_Qa_Test.LoginPageTest" tests="2" failures="0" timestamp="1 Mar 2018 16:42:56 GMT" time="15.620" errors="0">
  <testcase name="LoginPageTitletest" time="0.053" classname="Com_FB_Qa_Test.LoginPageTest"/>
  <testcase name="givecredentials" time="15.567" classname="Com_FB_Qa_Test.LoginPageTest"/>
</testsuite> <!-- Com_FB_Qa_Test.LoginPageTest -->
